[2025-03-20T21:10:37.452+0000] {taskinstance.py:1157} INFO - Dependencies all met for dep_context=non-requeueable deps ti=<TaskInstance: transactions_pipeline.copy_to_hdfs scheduled__2025-03-20T20:20:32.992418+00:00 [queued]>
[2025-03-20T21:10:37.462+0000] {taskinstance.py:1157} INFO - Dependencies all met for dep_context=requeueable deps ti=<TaskInstance: transactions_pipeline.copy_to_hdfs scheduled__2025-03-20T20:20:32.992418+00:00 [queued]>
[2025-03-20T21:10:37.463+0000] {taskinstance.py:1359} INFO - Starting attempt 1 of 2
[2025-03-20T21:10:37.480+0000] {taskinstance.py:1380} INFO - Executing <Task(BashOperator): copy_to_hdfs> on 2025-03-20 20:20:32.992418+00:00
[2025-03-20T21:10:37.487+0000] {standard_task_runner.py:57} INFO - Started process 340 to run task
[2025-03-20T21:10:37.491+0000] {standard_task_runner.py:84} INFO - Running: ['***', 'tasks', 'run', 'transactions_pipeline', 'copy_to_hdfs', 'scheduled__2025-03-20T20:20:32.992418+00:00', '--job-id', '411', '--raw', '--subdir', 'DAGS_FOLDER/fraud_detection_pipeline.py', '--cfg-path', '/tmp/tmpk60wuc05']
[2025-03-20T21:10:37.495+0000] {standard_task_runner.py:85} INFO - Job 411: Subtask copy_to_hdfs
[2025-03-20T21:10:37.553+0000] {task_command.py:415} INFO - Running <TaskInstance: transactions_pipeline.copy_to_hdfs scheduled__2025-03-20T20:20:32.992418+00:00 [running]> on host 33e70a62f66d
[2025-03-20T21:10:37.679+0000] {taskinstance.py:1660} INFO - Exporting env vars: AIRFLOW_CTX_DAG_EMAIL='rabiizahnoune7@gmail.com' AIRFLOW_CTX_DAG_OWNER='***' AIRFLOW_CTX_DAG_ID='transactions_pipeline' AIRFLOW_CTX_TASK_ID='copy_to_hdfs' AIRFLOW_CTX_EXECUTION_DATE='2025-03-20T20:20:32.992418+00:00' AIRFLOW_CTX_TRY_NUMBER='1' AIRFLOW_CTX_DAG_RUN_ID='scheduled__2025-03-20T20:20:32.992418+00:00'
[2025-03-20T21:10:37.681+0000] {subprocess.py:63} INFO - Tmp dir root location: /tmp
[2025-03-20T21:10:37.682+0000] {subprocess.py:75} INFO - Running command: ['/bin/bash', '-c', '\n        docker exec hive hdfs dfs -mkdir -p /data/transactions/transactions_batch_20250320_144447 &&         docker exec hive hdfs dfs -put -f /data/transactions/transactions_batch_20250320_144447.parquet /data/transactions/transactions_batch_20250320_144447/\n        ']
[2025-03-20T21:10:37.693+0000] {subprocess.py:86} INFO - Output:
[2025-03-20T21:10:37.735+0000] {subprocess.py:93} INFO - Error response from daemon: container a2db5e2de0743d4f6cfae090dc540215deff708a81eed310061e6318c26057f4 is not running
[2025-03-20T21:10:37.737+0000] {subprocess.py:97} INFO - Command exited with return code 1
[2025-03-20T21:10:37.748+0000] {taskinstance.py:1935} ERROR - Task failed with exception
Traceback (most recent call last):
  File "/home/airflow/.local/lib/python3.8/site-packages/airflow/operators/bash.py", line 210, in execute
    raise AirflowException(
airflow.exceptions.AirflowException: Bash command failed. The command returned a non-zero exit code 1.
[2025-03-20T21:10:37.751+0000] {taskinstance.py:1398} INFO - Marking task as UP_FOR_RETRY. dag_id=transactions_pipeline, task_id=copy_to_hdfs, execution_date=20250320T202032, start_date=20250320T211037, end_date=20250320T211037
[2025-03-20T21:10:37.774+0000] {logging_mixin.py:151} WARNING - /home/***/.local/lib/python3.8/site-packages/***/utils/email.py:154 RemovedInAirflow3Warning: Fetching SMTP credentials from configuration variables will be deprecated in a future release. Please set credentials using a connection instead.
[2025-03-20T21:10:37.775+0000] {email.py:270} INFO - Email alerting: attempt 1
[2025-03-20T21:10:38.806+0000] {email.py:270} INFO - Email alerting: attempt 1
[2025-03-20T21:10:39.664+0000] {taskinstance.py:2005} ERROR - Failed to send email to: rabiizahnoune7@gmail.com
Traceback (most recent call last):
  File "/home/airflow/.local/lib/python3.8/site-packages/airflow/models/taskinstance.py", line 1516, in _run_raw_task
    self._execute_task_with_callbacks(context, test_mode, session=session)
  File "/home/airflow/.local/lib/python3.8/site-packages/airflow/models/taskinstance.py", line 1679, in _execute_task_with_callbacks
    result = self._execute_task(context, task_orig)
  File "/home/airflow/.local/lib/python3.8/site-packages/airflow/models/taskinstance.py", line 1742, in _execute_task
    result = execute_callable(context=context, **execute_callable_kwargs)
  File "/home/airflow/.local/lib/python3.8/site-packages/airflow/operators/bash.py", line 210, in execute
    raise AirflowException(
airflow.exceptions.AirflowException: Bash command failed. The command returned a non-zero exit code 1.

During handling of the above exception, another exception occurred:

Traceback (most recent call last):
  File "/home/airflow/.local/lib/python3.8/site-packages/airflow/models/taskinstance.py", line 2418, in email_alert
    send_email(task.email, subject, html_content)
  File "/home/airflow/.local/lib/python3.8/site-packages/airflow/utils/email.py", line 80, in send_email
    return backend(
  File "/home/airflow/.local/lib/python3.8/site-packages/airflow/utils/email.py", line 154, in send_email_smtp
    send_mime_email(e_from=mail_from, e_to=recipients, mime_msg=msg, conn_id=conn_id, dryrun=dryrun)
  File "/home/airflow/.local/lib/python3.8/site-packages/airflow/utils/email.py", line 281, in send_mime_email
    smtp_conn.login(smtp_user, smtp_password)
  File "/usr/local/lib/python3.8/smtplib.py", line 748, in login
    raise last_exception
  File "/usr/local/lib/python3.8/smtplib.py", line 737, in login
    (code, resp) = self.auth(
  File "/usr/local/lib/python3.8/smtplib.py", line 660, in auth
    raise SMTPAuthenticationError(code, resp)
smtplib.SMTPAuthenticationError: (535, b'5.7.8 Username and Password not accepted. For more information, go to\n5.7.8  https://support.google.com/mail/?p=BadCredentials 5b1f17b1804b1-43d4fdb06b9sm7785785e9.36 - gsmtp')

During handling of the above exception, another exception occurred:

Traceback (most recent call last):
  File "/home/airflow/.local/lib/python3.8/site-packages/airflow/models/taskinstance.py", line 2003, in handle_failure
    self.email_alert(error, task)
  File "/home/airflow/.local/lib/python3.8/site-packages/airflow/models/taskinstance.py", line 2420, in email_alert
    send_email(task.email, subject, html_content_err)
  File "/home/airflow/.local/lib/python3.8/site-packages/airflow/utils/email.py", line 80, in send_email
    return backend(
  File "/home/airflow/.local/lib/python3.8/site-packages/airflow/utils/email.py", line 154, in send_email_smtp
    send_mime_email(e_from=mail_from, e_to=recipients, mime_msg=msg, conn_id=conn_id, dryrun=dryrun)
  File "/home/airflow/.local/lib/python3.8/site-packages/airflow/utils/email.py", line 281, in send_mime_email
    smtp_conn.login(smtp_user, smtp_password)
  File "/usr/local/lib/python3.8/smtplib.py", line 748, in login
    raise last_exception
  File "/usr/local/lib/python3.8/smtplib.py", line 737, in login
    (code, resp) = self.auth(
  File "/usr/local/lib/python3.8/smtplib.py", line 660, in auth
    raise SMTPAuthenticationError(code, resp)
smtplib.SMTPAuthenticationError: (535, b'5.7.8 Username and Password not accepted. For more information, go to\n5.7.8  https://support.google.com/mail/?p=BadCredentials 5b1f17b1804b1-43d4fd27b59sm8041665e9.23 - gsmtp')
[2025-03-20T21:10:39.697+0000] {standard_task_runner.py:104} ERROR - Failed to execute job 411 for task copy_to_hdfs (Bash command failed. The command returned a non-zero exit code 1.; 340)
[2025-03-20T21:10:39.734+0000] {local_task_job_runner.py:228} INFO - Task exited with return code 1
[2025-03-20T21:10:39.757+0000] {taskinstance.py:2776} INFO - 0 downstream tasks scheduled from follow-on schedule check
