[2025-03-21T13:34:31.917+0000] {taskinstance.py:1157} INFO - Dependencies all met for dep_context=non-requeueable deps ti=<TaskInstance: transactions_pipeline.detect_fraud_batch_20250321_131507 manual__2025-03-21T13:31:53.143260+00:00 [queued]>
[2025-03-21T13:34:31.944+0000] {taskinstance.py:1157} INFO - Dependencies all met for dep_context=requeueable deps ti=<TaskInstance: transactions_pipeline.detect_fraud_batch_20250321_131507 manual__2025-03-21T13:31:53.143260+00:00 [queued]>
[2025-03-21T13:34:31.949+0000] {taskinstance.py:1359} INFO - Starting attempt 1 of 1
[2025-03-21T13:34:31.989+0000] {taskinstance.py:1380} INFO - Executing <Task(BashOperator): detect_fraud_batch_20250321_131507> on 2025-03-21 13:31:53.143260+00:00
[2025-03-21T13:34:32.002+0000] {standard_task_runner.py:57} INFO - Started process 2850 to run task
[2025-03-21T13:34:32.027+0000] {standard_task_runner.py:84} INFO - Running: ['***', 'tasks', 'run', 'transactions_pipeline', 'detect_fraud_batch_20250321_131507', 'manual__2025-03-21T13:31:53.143260+00:00', '--job-id', '657', '--raw', '--subdir', 'DAGS_FOLDER/fraud_detection_pipeline.py', '--cfg-path', '/tmp/tmpvzsg7zww']
[2025-03-21T13:34:32.053+0000] {standard_task_runner.py:85} INFO - Job 657: Subtask detect_fraud_batch_20250321_131507
[2025-03-21T13:34:32.203+0000] {task_command.py:415} INFO - Running <TaskInstance: transactions_pipeline.detect_fraud_batch_20250321_131507 manual__2025-03-21T13:31:53.143260+00:00 [running]> on host 1b7c3466167a
[2025-03-21T13:34:32.453+0000] {taskinstance.py:1660} INFO - Exporting env vars: AIRFLOW_CTX_DAG_EMAIL='rabiizahnoune7@gmail.com' AIRFLOW_CTX_DAG_OWNER='***' AIRFLOW_CTX_DAG_ID='transactions_pipeline' AIRFLOW_CTX_TASK_ID='detect_fraud_batch_20250321_131507' AIRFLOW_CTX_EXECUTION_DATE='2025-03-21T13:31:53.143260+00:00' AIRFLOW_CTX_TRY_NUMBER='1' AIRFLOW_CTX_DAG_RUN_ID='manual__2025-03-21T13:31:53.143260+00:00'
[2025-03-21T13:34:32.459+0000] {subprocess.py:63} INFO - Tmp dir root location: /tmp
[2025-03-21T13:34:32.473+0000] {subprocess.py:75} INFO - Running command: ['/bin/bash', '-c', '\n            docker exec hive spark-submit --master spark://localhost:7077 /hive/scripts/detect_fraud.py "batch_20250321_131507"\n            ']
[2025-03-21T13:34:32.524+0000] {subprocess.py:86} INFO - Output:
[2025-03-21T13:35:05.753+0000] {subprocess.py:93} INFO - 25/03/21 13:35:05 INFO SparkContext: Running Spark version 3.5.0
[2025-03-21T13:35:05.845+0000] {subprocess.py:93} INFO - 25/03/21 13:35:05 INFO SparkContext: OS info Linux, 5.15.167.4-microsoft-standard-WSL2, amd64
[2025-03-21T13:35:05.852+0000] {subprocess.py:93} INFO - 25/03/21 13:35:05 INFO SparkContext: Java version 1.8.0_342
[2025-03-21T13:35:07.038+0000] {subprocess.py:93} INFO - 25/03/21 13:35:07 WARN NativeCodeLoader: Unable to load native-hadoop library for your platform... using builtin-java classes where applicable
[2025-03-21T13:35:08.440+0000] {subprocess.py:93} INFO - 25/03/21 13:35:08 INFO ResourceUtils: ==============================================================
[2025-03-21T13:35:08.453+0000] {subprocess.py:93} INFO - 25/03/21 13:35:08 INFO ResourceUtils: No custom resources configured for spark.driver.
[2025-03-21T13:35:08.455+0000] {subprocess.py:93} INFO - 25/03/21 13:35:08 INFO ResourceUtils: ==============================================================
[2025-03-21T13:35:08.456+0000] {subprocess.py:93} INFO - 25/03/21 13:35:08 INFO SparkContext: Submitted application: FraudDetection
[2025-03-21T13:35:09.148+0000] {subprocess.py:93} INFO - 25/03/21 13:35:09 INFO ResourceProfile: Default ResourceProfile created, executor resources: Map(memory -> name: memory, amount: 1024, script: , vendor: , offHeap -> name: offHeap, amount: 0, script: , vendor: ), task resources: Map(cpus -> name: cpus, amount: 1.0)
[2025-03-21T13:35:09.445+0000] {subprocess.py:93} INFO - 25/03/21 13:35:09 INFO ResourceProfile: Limiting resource is cpu
[2025-03-21T13:35:09.449+0000] {subprocess.py:93} INFO - 25/03/21 13:35:09 INFO ResourceProfileManager: Added ResourceProfile id: 0
[2025-03-21T13:35:09.602+0000] {subprocess.py:93} INFO - 25/03/21 13:35:09 INFO SecurityManager: Changing view acls to: root
[2025-03-21T13:35:09.607+0000] {subprocess.py:93} INFO - 25/03/21 13:35:09 INFO SecurityManager: Changing modify acls to: root
[2025-03-21T13:35:09.699+0000] {subprocess.py:93} INFO - 25/03/21 13:35:09 INFO SecurityManager: Changing view acls groups to:
[2025-03-21T13:35:09.705+0000] {subprocess.py:93} INFO - 25/03/21 13:35:09 INFO SecurityManager: Changing modify acls groups to:
[2025-03-21T13:35:09.716+0000] {subprocess.py:93} INFO - 25/03/21 13:35:09 INFO SecurityManager: SecurityManager: authentication disabled; ui acls disabled; users with view permissions: root; groups with view permissions: EMPTY; users with modify permissions: root; groups with modify permissions: EMPTY
[2025-03-21T13:35:15.198+0000] {subprocess.py:93} INFO - 25/03/21 13:35:15 INFO Utils: Successfully started service 'sparkDriver' on port 46273.
[2025-03-21T13:35:15.611+0000] {subprocess.py:93} INFO - 25/03/21 13:35:15 INFO SparkEnv: Registering MapOutputTracker
[2025-03-21T13:35:16.294+0000] {subprocess.py:93} INFO - 25/03/21 13:35:16 INFO SparkEnv: Registering BlockManagerMaster
[2025-03-21T13:35:16.511+0000] {subprocess.py:93} INFO - 25/03/21 13:35:16 INFO BlockManagerMasterEndpoint: Using org.apache.spark.storage.DefaultTopologyMapper for getting topology information
[2025-03-21T13:35:16.600+0000] {subprocess.py:93} INFO - 25/03/21 13:35:16 INFO BlockManagerMasterEndpoint: BlockManagerMasterEndpoint up
[2025-03-21T13:35:16.717+0000] {subprocess.py:93} INFO - 25/03/21 13:35:16 INFO SparkEnv: Registering BlockManagerMasterHeartbeat
[2025-03-21T13:35:17.816+0000] {subprocess.py:93} INFO - 25/03/21 13:35:17 INFO DiskBlockManager: Created local directory at /tmp/blockmgr-3eec57f3-a5fe-4ce2-92ee-4975e8dfc865
[2025-03-21T13:35:18.198+0000] {subprocess.py:93} INFO - 25/03/21 13:35:18 INFO MemoryStore: MemoryStore started with capacity 366.3 MiB
[2025-03-21T13:35:18.704+0000] {subprocess.py:93} INFO - 25/03/21 13:35:18 INFO SparkEnv: Registering OutputCommitCoordinator
[2025-03-21T13:35:21.220+0000] {subprocess.py:93} INFO - 25/03/21 13:35:21 INFO JettyUtils: Start Jetty 0.0.0.0:4040 for SparkUI
[2025-03-21T13:35:23.004+0000] {subprocess.py:93} INFO - 25/03/21 13:35:22 WARN Utils: Service 'SparkUI' could not bind on port 4040. Attempting port 4041.
[2025-03-21T13:35:23.016+0000] {subprocess.py:93} INFO - 25/03/21 13:35:23 WARN Utils: Service 'SparkUI' could not bind on port 4041. Attempting port 4042.
[2025-03-21T13:35:23.304+0000] {subprocess.py:93} INFO - 25/03/21 13:35:23 INFO Utils: Successfully started service 'SparkUI' on port 4042.
[2025-03-21T13:35:27.800+0000] {subprocess.py:93} INFO - 25/03/21 13:35:27 INFO StandaloneAppClient$ClientEndpoint: Connecting to master spark://localhost:7077...
[2025-03-21T13:35:29.706+0000] {subprocess.py:93} INFO - 25/03/21 13:35:29 INFO TransportClientFactory: Successfully created connection to localhost/127.0.0.1:7077 after 1304 ms (0 ms spent in bootstraps)
[2025-03-21T13:35:32.211+0000] {subprocess.py:93} INFO - 25/03/21 13:35:32 INFO StandaloneSchedulerBackend: Connected to Spark cluster with app ID app-20250321133532-0011
[2025-03-21T13:35:32.506+0000] {subprocess.py:93} INFO - 25/03/21 13:35:32 INFO Utils: Successfully started service 'org.apache.spark.network.netty.NettyBlockTransferService' on port 37389.
[2025-03-21T13:35:32.508+0000] {subprocess.py:93} INFO - 25/03/21 13:35:32 INFO NettyBlockTransferService: Server created on e3006a54eed1:37389
[2025-03-21T13:35:32.518+0000] {subprocess.py:93} INFO - 25/03/21 13:35:32 INFO BlockManager: Using org.apache.spark.storage.RandomBlockReplicationPolicy for block replication policy
[2025-03-21T13:35:32.626+0000] {subprocess.py:93} INFO - 25/03/21 13:35:32 INFO BlockManagerMaster: Registering BlockManager BlockManagerId(driver, e3006a54eed1, 37389, None)
[2025-03-21T13:35:32.806+0000] {subprocess.py:93} INFO - 25/03/21 13:35:32 INFO BlockManagerMasterEndpoint: Registering block manager e3006a54eed1:37389 with 366.3 MiB RAM, BlockManagerId(driver, e3006a54eed1, 37389, None)
[2025-03-21T13:35:32.899+0000] {subprocess.py:93} INFO - 25/03/21 13:35:32 INFO BlockManagerMaster: Registered BlockManager BlockManagerId(driver, e3006a54eed1, 37389, None)
[2025-03-21T13:35:32.901+0000] {subprocess.py:93} INFO - 25/03/21 13:35:32 INFO BlockManager: Initialized BlockManager: BlockManagerId(driver, e3006a54eed1, 37389, None)
[2025-03-21T13:35:37.799+0000] {subprocess.py:93} INFO - 25/03/21 13:35:37 INFO StandaloneSchedulerBackend: SchedulerBackend is ready for scheduling beginning after reached minRegisteredResourcesRatio: 0.0
[2025-03-21T13:35:41.868+0000] {subprocess.py:93} INFO - Spark version: 3.5.0
[2025-03-21T13:35:43.685+0000] {subprocess.py:93} INFO - 25/03/21 13:35:43 INFO SharedState: Setting hive.metastore.warehouse.dir ('null') to the value of spark.sql.warehouse.dir.
[2025-03-21T13:35:54.971+0000] {subprocess.py:93} INFO - 25/03/21 13:35:54 INFO SharedState: Warehouse path is 'hdfs://localhost:9000/data/warehouse'.
[2025-03-21T13:36:18.506+0000] {subprocess.py:93} INFO - 25/03/21 13:36:18 INFO InMemoryFileIndex: It took 1692 ms to list leaf files for 1 paths.
[2025-03-21T13:36:29.813+0000] {subprocess.py:93} INFO - 25/03/21 13:36:29 INFO SparkContext: Starting job: parquet at NativeMethodAccessorImpl.java:0
[2025-03-21T13:36:30.729+0000] {subprocess.py:93} INFO - 25/03/21 13:36:30 INFO DAGScheduler: Got job 0 (parquet at NativeMethodAccessorImpl.java:0) with 1 output partitions
[2025-03-21T13:36:30.925+0000] {subprocess.py:93} INFO - 25/03/21 13:36:30 INFO DAGScheduler: Final stage: ResultStage 0 (parquet at NativeMethodAccessorImpl.java:0)
[2025-03-21T13:36:30.953+0000] {subprocess.py:93} INFO - 25/03/21 13:36:30 INFO DAGScheduler: Parents of final stage: List()
[2025-03-21T13:36:30.955+0000] {subprocess.py:93} INFO - 25/03/21 13:36:30 INFO DAGScheduler: Missing parents: List()
[2025-03-21T13:36:31.311+0000] {subprocess.py:93} INFO - 25/03/21 13:36:31 INFO DAGScheduler: Submitting ResultStage 0 (MapPartitionsRDD[1] at parquet at NativeMethodAccessorImpl.java:0), which has no missing parents
[2025-03-21T13:36:35.927+0000] {subprocess.py:93} INFO - 25/03/21 13:36:35 INFO AsyncEventQueue: Process of event SparkListenerJobStart(0,1742564190913,WrappedArray(org.apache.spark.scheduler.StageInfo@4ce14e8f),{spark.rdd.scope.noOverride=true, spark.rdd.scope={"id":"2","name":"collect"}}) by listener AppStatusListener took 4.719825119s.
[2025-03-21T13:36:36.323+0000] {subprocess.py:93} INFO - 25/03/21 13:36:36 INFO MemoryStore: Block broadcast_0 stored as values in memory (estimated size 103.3 KiB, free 366.2 MiB)
[2025-03-21T13:36:35.794+0000] {subprocess.py:93} INFO - 25/03/21 13:36:35 INFO MemoryStore: Block broadcast_0_piece0 stored as bytes in memory (estimated size 37.2 KiB, free 366.2 MiB)
[2025-03-21T13:36:35.892+0000] {subprocess.py:93} INFO - 25/03/21 13:36:35 INFO BlockManagerInfo: Added broadcast_0_piece0 in memory on e3006a54eed1:37389 (size: 37.2 KiB, free: 366.3 MiB)
[2025-03-21T13:36:35.988+0000] {subprocess.py:93} INFO - 25/03/21 13:36:35 INFO SparkContext: Created broadcast 0 from broadcast at DAGScheduler.scala:1580
[2025-03-21T13:36:36.487+0000] {subprocess.py:93} INFO - 25/03/21 13:36:36 INFO DAGScheduler: Submitting 1 missing tasks from ResultStage 0 (MapPartitionsRDD[1] at parquet at NativeMethodAccessorImpl.java:0) (first 15 tasks are for partitions Vector(0))
[2025-03-21T13:36:36.570+0000] {subprocess.py:93} INFO - 25/03/21 13:36:36 INFO TaskSchedulerImpl: Adding task set 0.0 with 1 tasks resource profile 0
[2025-03-21T13:36:52.082+0000] {subprocess.py:93} INFO - 25/03/21 13:36:52 WARN TaskSchedulerImpl: Initial job has not accepted any resources; check your cluster UI to ensure that workers are registered and have sufficient resources
[2025-03-21T13:37:07.147+0000] {subprocess.py:93} INFO - 25/03/21 13:37:07 WARN TaskSchedulerImpl: Initial job has not accepted any resources; check your cluster UI to ensure that workers are registered and have sufficient resources
[2025-03-21T13:37:22.083+0000] {subprocess.py:93} INFO - 25/03/21 13:37:22 WARN TaskSchedulerImpl: Initial job has not accepted any resources; check your cluster UI to ensure that workers are registered and have sufficient resources
[2025-03-21T13:37:32.931+0000] {subprocess.py:93} INFO - 25/03/21 13:37:32 INFO AsyncEventQueue: Process of event SparkListenerExecutorMetricsUpdate(driver,WrappedArray(),Map((-1,-1) -> org.apache.spark.executor.ExecutorMetrics@7f6d0d14)) by listener AppStatusListener took 1.178047625s.
[2025-03-21T13:37:37.118+0000] {subprocess.py:93} INFO - 25/03/21 13:37:37 WARN TaskSchedulerImpl: Initial job has not accepted any resources; check your cluster UI to ensure that workers are registered and have sufficient resources
[2025-03-21T13:37:52.132+0000] {subprocess.py:93} INFO - 25/03/21 13:37:52 WARN TaskSchedulerImpl: Initial job has not accepted any resources; check your cluster UI to ensure that workers are registered and have sufficient resources
[2025-03-21T13:37:56.068+0000] {subprocess.py:93} INFO - 25/03/21 13:37:56 INFO StandaloneAppClient$ClientEndpoint: Executor added: app-20250321133532-0011/0 on worker-20250321124806-172.18.0.2-46237 (172.18.0.2:46237) with 2 core(s)
[2025-03-21T13:37:56.072+0000] {subprocess.py:93} INFO - 25/03/21 13:37:56 INFO StandaloneSchedulerBackend: Granted executor ID app-20250321133532-0011/0 on hostPort 172.18.0.2:46237 with 2 core(s), 1024.0 MiB RAM
[2025-03-21T13:37:56.432+0000] {subprocess.py:93} INFO - 25/03/21 13:37:56 INFO StandaloneAppClient$ClientEndpoint: Executor updated: app-20250321133532-0011/0 is now RUNNING
[2025-03-21T13:38:09.216+0000] {subprocess.py:93} INFO - 25/03/21 13:38:07 WARN TaskSchedulerImpl: Initial job has not accepted any resources; check your cluster UI to ensure that workers are registered and have sufficient resources
[2025-03-21T13:38:14.813+0000] {job.py:219} ERROR - Job heartbeat got an exception
Traceback (most recent call last):
  File "/home/airflow/.local/lib/python3.8/site-packages/sqlalchemy/engine/base.py", line 3371, in _wrap_pool_connect
    return fn()
  File "/home/airflow/.local/lib/python3.8/site-packages/sqlalchemy/pool/base.py", line 327, in connect
    return _ConnectionFairy._checkout(self)
  File "/home/airflow/.local/lib/python3.8/site-packages/sqlalchemy/pool/base.py", line 894, in _checkout
    fairy = _ConnectionRecord.checkout(pool)
  File "/home/airflow/.local/lib/python3.8/site-packages/sqlalchemy/pool/base.py", line 493, in checkout
    rec = pool._do_get()
  File "/home/airflow/.local/lib/python3.8/site-packages/sqlalchemy/pool/impl.py", line 256, in _do_get
    return self._create_connection()
  File "/home/airflow/.local/lib/python3.8/site-packages/sqlalchemy/pool/base.py", line 273, in _create_connection
    return _ConnectionRecord(self)
  File "/home/airflow/.local/lib/python3.8/site-packages/sqlalchemy/pool/base.py", line 388, in __init__
    self.__connect()
  File "/home/airflow/.local/lib/python3.8/site-packages/sqlalchemy/pool/base.py", line 691, in __connect
    pool.logger.debug("Error on connect(): %s", e)
  File "/home/airflow/.local/lib/python3.8/site-packages/sqlalchemy/util/langhelpers.py", line 70, in __exit__
    compat.raise_(
  File "/home/airflow/.local/lib/python3.8/site-packages/sqlalchemy/util/compat.py", line 211, in raise_
    raise exception
  File "/home/airflow/.local/lib/python3.8/site-packages/sqlalchemy/pool/base.py", line 686, in __connect
    self.dbapi_connection = connection = pool._invoke_creator(self)
  File "/home/airflow/.local/lib/python3.8/site-packages/sqlalchemy/engine/create.py", line 574, in connect
    return dialect.connect(*cargs, **cparams)
  File "/home/airflow/.local/lib/python3.8/site-packages/sqlalchemy/engine/default.py", line 598, in connect
    return self.dbapi.connect(*cargs, **cparams)
  File "/home/airflow/.local/lib/python3.8/site-packages/psycopg2/__init__.py", line 122, in connect
    conn = _connect(dsn, connection_factory=connection_factory, **kwasync)
psycopg2.OperationalError: could not translate host name "postgres" to address: Temporary failure in name resolution


The above exception was the direct cause of the following exception:

Traceback (most recent call last):
  File "/home/airflow/.local/lib/python3.8/site-packages/airflow/jobs/job.py", line 190, in heartbeat
    session.merge(self)
  File "/home/airflow/.local/lib/python3.8/site-packages/sqlalchemy/orm/session.py", line 3056, in merge
    return self._merge(
  File "/home/airflow/.local/lib/python3.8/site-packages/sqlalchemy/orm/session.py", line 3136, in _merge
    merged = self.get(
  File "/home/airflow/.local/lib/python3.8/site-packages/sqlalchemy/orm/session.py", line 2853, in get
    return self._get_impl(
  File "/home/airflow/.local/lib/python3.8/site-packages/sqlalchemy/orm/session.py", line 2975, in _get_impl
    return db_load_fn(
  File "/home/airflow/.local/lib/python3.8/site-packages/sqlalchemy/orm/loading.py", line 530, in load_on_pk_identity
    session.execute(
  File "/home/airflow/.local/lib/python3.8/site-packages/sqlalchemy/orm/session.py", line 1716, in execute
    conn = self._connection_for_bind(bind)
  File "/home/airflow/.local/lib/python3.8/site-packages/sqlalchemy/orm/session.py", line 1555, in _connection_for_bind
    return self._transaction._connection_for_bind(
  File "/home/airflow/.local/lib/python3.8/site-packages/sqlalchemy/orm/session.py", line 750, in _connection_for_bind
    conn = bind.connect()
  File "/home/airflow/.local/lib/python3.8/site-packages/sqlalchemy/future/engine.py", line 406, in connect
    return super(Engine, self).connect()
  File "/home/airflow/.local/lib/python3.8/site-packages/sqlalchemy/engine/base.py", line 3325, in connect
    return self._connection_cls(self, close_with_result=close_with_result)
  File "/home/airflow/.local/lib/python3.8/site-packages/sqlalchemy/engine/base.py", line 96, in __init__
    else engine.raw_connection()
  File "/home/airflow/.local/lib/python3.8/site-packages/sqlalchemy/engine/base.py", line 3404, in raw_connection
    return self._wrap_pool_connect(self.pool.connect, _connection)
  File "/home/airflow/.local/lib/python3.8/site-packages/sqlalchemy/engine/base.py", line 3374, in _wrap_pool_connect
    Connection._handle_dbapi_exception_noconnection(
  File "/home/airflow/.local/lib/python3.8/site-packages/sqlalchemy/engine/base.py", line 2208, in _handle_dbapi_exception_noconnection
    util.raise_(
  File "/home/airflow/.local/lib/python3.8/site-packages/sqlalchemy/util/compat.py", line 211, in raise_
    raise exception
  File "/home/airflow/.local/lib/python3.8/site-packages/sqlalchemy/engine/base.py", line 3371, in _wrap_pool_connect
    return fn()
  File "/home/airflow/.local/lib/python3.8/site-packages/sqlalchemy/pool/base.py", line 327, in connect
    return _ConnectionFairy._checkout(self)
  File "/home/airflow/.local/lib/python3.8/site-packages/sqlalchemy/pool/base.py", line 894, in _checkout
    fairy = _ConnectionRecord.checkout(pool)
  File "/home/airflow/.local/lib/python3.8/site-packages/sqlalchemy/pool/base.py", line 493, in checkout
    rec = pool._do_get()
  File "/home/airflow/.local/lib/python3.8/site-packages/sqlalchemy/pool/impl.py", line 256, in _do_get
    return self._create_connection()
  File "/home/airflow/.local/lib/python3.8/site-packages/sqlalchemy/pool/base.py", line 273, in _create_connection
    return _ConnectionRecord(self)
  File "/home/airflow/.local/lib/python3.8/site-packages/sqlalchemy/pool/base.py", line 388, in __init__
    self.__connect()
  File "/home/airflow/.local/lib/python3.8/site-packages/sqlalchemy/pool/base.py", line 691, in __connect
    pool.logger.debug("Error on connect(): %s", e)
  File "/home/airflow/.local/lib/python3.8/site-packages/sqlalchemy/util/langhelpers.py", line 70, in __exit__
    compat.raise_(
  File "/home/airflow/.local/lib/python3.8/site-packages/sqlalchemy/util/compat.py", line 211, in raise_
    raise exception
  File "/home/airflow/.local/lib/python3.8/site-packages/sqlalchemy/pool/base.py", line 686, in __connect
    self.dbapi_connection = connection = pool._invoke_creator(self)
  File "/home/airflow/.local/lib/python3.8/site-packages/sqlalchemy/engine/create.py", line 574, in connect
    return dialect.connect(*cargs, **cparams)
  File "/home/airflow/.local/lib/python3.8/site-packages/sqlalchemy/engine/default.py", line 598, in connect
    return self.dbapi.connect(*cargs, **cparams)
  File "/home/airflow/.local/lib/python3.8/site-packages/psycopg2/__init__.py", line 122, in connect
    conn = _connect(dsn, connection_factory=connection_factory, **kwasync)
sqlalchemy.exc.OperationalError: (psycopg2.OperationalError) could not translate host name "postgres" to address: Temporary failure in name resolution

(Background on this error at: https://sqlalche.me/e/14/e3q8)
[2025-03-21T13:38:23.825+0000] {subprocess.py:93} INFO - 25/03/21 13:38:23 WARN TaskSchedulerImpl: Initial job has not accepted any resources; check your cluster UI to ensure that workers are registered and have sufficient resources
[2025-03-21T13:38:37.124+0000] {subprocess.py:93} INFO - 25/03/21 13:38:37 WARN TaskSchedulerImpl: Initial job has not accepted any resources; check your cluster UI to ensure that workers are registered and have sufficient resources
[2025-03-21T13:38:50.737+0000] {subprocess.py:93} INFO - 25/03/21 13:38:50 INFO StandaloneSchedulerBackend$StandaloneDriverEndpoint: Registered executor NettyRpcEndpointRef(spark-client://Executor) (172.18.0.2:46096) with ID 0,  ResourceProfileId 0
[2025-03-21T13:38:52.941+0000] {subprocess.py:93} INFO - 25/03/21 13:38:52 INFO BlockManagerMasterEndpoint: Registering block manager 172.18.0.2:41143 with 366.3 MiB RAM, BlockManagerId(0, 172.18.0.2, 41143, None)
[2025-03-21T13:38:54.827+0000] {subprocess.py:93} INFO - 25/03/21 13:38:54 INFO TaskSetManager: Starting task 0.0 in stage 0.0 (TID 0) (172.18.0.2, executor 0, partition 0, PROCESS_LOCAL, 7831 bytes)
[2025-03-21T13:39:01.604+0000] {subprocess.py:93} INFO - 25/03/21 13:39:01 INFO BlockManagerInfo: Added broadcast_0_piece0 in memory on 172.18.0.2:41143 (size: 37.2 KiB, free: 366.3 MiB)
[2025-03-21T13:39:20.779+0000] {job.py:219} ERROR - Job heartbeat got an exception
Traceback (most recent call last):
  File "/home/airflow/.local/lib/python3.8/site-packages/sqlalchemy/engine/base.py", line 3371, in _wrap_pool_connect
    return fn()
  File "/home/airflow/.local/lib/python3.8/site-packages/sqlalchemy/pool/base.py", line 327, in connect
    return _ConnectionFairy._checkout(self)
  File "/home/airflow/.local/lib/python3.8/site-packages/sqlalchemy/pool/base.py", line 894, in _checkout
    fairy = _ConnectionRecord.checkout(pool)
  File "/home/airflow/.local/lib/python3.8/site-packages/sqlalchemy/pool/base.py", line 493, in checkout
    rec = pool._do_get()
  File "/home/airflow/.local/lib/python3.8/site-packages/sqlalchemy/pool/impl.py", line 256, in _do_get
    return self._create_connection()
  File "/home/airflow/.local/lib/python3.8/site-packages/sqlalchemy/pool/base.py", line 273, in _create_connection
    return _ConnectionRecord(self)
  File "/home/airflow/.local/lib/python3.8/site-packages/sqlalchemy/pool/base.py", line 388, in __init__
    self.__connect()
  File "/home/airflow/.local/lib/python3.8/site-packages/sqlalchemy/pool/base.py", line 691, in __connect
    pool.logger.debug("Error on connect(): %s", e)
  File "/home/airflow/.local/lib/python3.8/site-packages/sqlalchemy/util/langhelpers.py", line 70, in __exit__
    compat.raise_(
  File "/home/airflow/.local/lib/python3.8/site-packages/sqlalchemy/util/compat.py", line 211, in raise_
    raise exception
  File "/home/airflow/.local/lib/python3.8/site-packages/sqlalchemy/pool/base.py", line 686, in __connect
    self.dbapi_connection = connection = pool._invoke_creator(self)
  File "/home/airflow/.local/lib/python3.8/site-packages/sqlalchemy/engine/create.py", line 574, in connect
    return dialect.connect(*cargs, **cparams)
  File "/home/airflow/.local/lib/python3.8/site-packages/sqlalchemy/engine/default.py", line 598, in connect
    return self.dbapi.connect(*cargs, **cparams)
  File "/home/airflow/.local/lib/python3.8/site-packages/psycopg2/__init__.py", line 122, in connect
    conn = _connect(dsn, connection_factory=connection_factory, **kwasync)
psycopg2.OperationalError: could not translate host name "postgres" to address: Temporary failure in name resolution


The above exception was the direct cause of the following exception:

Traceback (most recent call last):
  File "/home/airflow/.local/lib/python3.8/site-packages/airflow/jobs/job.py", line 190, in heartbeat
    session.merge(self)
  File "/home/airflow/.local/lib/python3.8/site-packages/sqlalchemy/orm/session.py", line 3056, in merge
    return self._merge(
  File "/home/airflow/.local/lib/python3.8/site-packages/sqlalchemy/orm/session.py", line 3136, in _merge
    merged = self.get(
  File "/home/airflow/.local/lib/python3.8/site-packages/sqlalchemy/orm/session.py", line 2853, in get
    return self._get_impl(
  File "/home/airflow/.local/lib/python3.8/site-packages/sqlalchemy/orm/session.py", line 2975, in _get_impl
    return db_load_fn(
  File "/home/airflow/.local/lib/python3.8/site-packages/sqlalchemy/orm/loading.py", line 530, in load_on_pk_identity
    session.execute(
  File "/home/airflow/.local/lib/python3.8/site-packages/sqlalchemy/orm/session.py", line 1716, in execute
    conn = self._connection_for_bind(bind)
  File "/home/airflow/.local/lib/python3.8/site-packages/sqlalchemy/orm/session.py", line 1555, in _connection_for_bind
    return self._transaction._connection_for_bind(
  File "/home/airflow/.local/lib/python3.8/site-packages/sqlalchemy/orm/session.py", line 750, in _connection_for_bind
    conn = bind.connect()
  File "/home/airflow/.local/lib/python3.8/site-packages/sqlalchemy/future/engine.py", line 406, in connect
    return super(Engine, self).connect()
  File "/home/airflow/.local/lib/python3.8/site-packages/sqlalchemy/engine/base.py", line 3325, in connect
    return self._connection_cls(self, close_with_result=close_with_result)
  File "/home/airflow/.local/lib/python3.8/site-packages/sqlalchemy/engine/base.py", line 96, in __init__
    else engine.raw_connection()
  File "/home/airflow/.local/lib/python3.8/site-packages/sqlalchemy/engine/base.py", line 3404, in raw_connection
    return self._wrap_pool_connect(self.pool.connect, _connection)
  File "/home/airflow/.local/lib/python3.8/site-packages/sqlalchemy/engine/base.py", line 3374, in _wrap_pool_connect
    Connection._handle_dbapi_exception_noconnection(
  File "/home/airflow/.local/lib/python3.8/site-packages/sqlalchemy/engine/base.py", line 2208, in _handle_dbapi_exception_noconnection
    util.raise_(
  File "/home/airflow/.local/lib/python3.8/site-packages/sqlalchemy/util/compat.py", line 211, in raise_
    raise exception
  File "/home/airflow/.local/lib/python3.8/site-packages/sqlalchemy/engine/base.py", line 3371, in _wrap_pool_connect
    return fn()
  File "/home/airflow/.local/lib/python3.8/site-packages/sqlalchemy/pool/base.py", line 327, in connect
    return _ConnectionFairy._checkout(self)
  File "/home/airflow/.local/lib/python3.8/site-packages/sqlalchemy/pool/base.py", line 894, in _checkout
    fairy = _ConnectionRecord.checkout(pool)
  File "/home/airflow/.local/lib/python3.8/site-packages/sqlalchemy/pool/base.py", line 493, in checkout
    rec = pool._do_get()
  File "/home/airflow/.local/lib/python3.8/site-packages/sqlalchemy/pool/impl.py", line 256, in _do_get
    return self._create_connection()
  File "/home/airflow/.local/lib/python3.8/site-packages/sqlalchemy/pool/base.py", line 273, in _create_connection
    return _ConnectionRecord(self)
  File "/home/airflow/.local/lib/python3.8/site-packages/sqlalchemy/pool/base.py", line 388, in __init__
    self.__connect()
  File "/home/airflow/.local/lib/python3.8/site-packages/sqlalchemy/pool/base.py", line 691, in __connect
    pool.logger.debug("Error on connect(): %s", e)
  File "/home/airflow/.local/lib/python3.8/site-packages/sqlalchemy/util/langhelpers.py", line 70, in __exit__
    compat.raise_(
  File "/home/airflow/.local/lib/python3.8/site-packages/sqlalchemy/util/compat.py", line 211, in raise_
    raise exception
  File "/home/airflow/.local/lib/python3.8/site-packages/sqlalchemy/pool/base.py", line 686, in __connect
    self.dbapi_connection = connection = pool._invoke_creator(self)
  File "/home/airflow/.local/lib/python3.8/site-packages/sqlalchemy/engine/create.py", line 574, in connect
    return dialect.connect(*cargs, **cparams)
  File "/home/airflow/.local/lib/python3.8/site-packages/sqlalchemy/engine/default.py", line 598, in connect
    return self.dbapi.connect(*cargs, **cparams)
  File "/home/airflow/.local/lib/python3.8/site-packages/psycopg2/__init__.py", line 122, in connect
    conn = _connect(dsn, connection_factory=connection_factory, **kwasync)
sqlalchemy.exc.OperationalError: (psycopg2.OperationalError) could not translate host name "postgres" to address: Temporary failure in name resolution

(Background on this error at: https://sqlalche.me/e/14/e3q8)
[2025-03-21T13:39:43.131+0000] {job.py:219} ERROR - Job heartbeat got an exception
Traceback (most recent call last):
  File "/home/airflow/.local/lib/python3.8/site-packages/sqlalchemy/engine/base.py", line 3371, in _wrap_pool_connect
    return fn()
  File "/home/airflow/.local/lib/python3.8/site-packages/sqlalchemy/pool/base.py", line 327, in connect
    return _ConnectionFairy._checkout(self)
  File "/home/airflow/.local/lib/python3.8/site-packages/sqlalchemy/pool/base.py", line 894, in _checkout
    fairy = _ConnectionRecord.checkout(pool)
  File "/home/airflow/.local/lib/python3.8/site-packages/sqlalchemy/pool/base.py", line 493, in checkout
    rec = pool._do_get()
  File "/home/airflow/.local/lib/python3.8/site-packages/sqlalchemy/pool/impl.py", line 256, in _do_get
    return self._create_connection()
  File "/home/airflow/.local/lib/python3.8/site-packages/sqlalchemy/pool/base.py", line 273, in _create_connection
    return _ConnectionRecord(self)
  File "/home/airflow/.local/lib/python3.8/site-packages/sqlalchemy/pool/base.py", line 388, in __init__
    self.__connect()
  File "/home/airflow/.local/lib/python3.8/site-packages/sqlalchemy/pool/base.py", line 691, in __connect
    pool.logger.debug("Error on connect(): %s", e)
  File "/home/airflow/.local/lib/python3.8/site-packages/sqlalchemy/util/langhelpers.py", line 70, in __exit__
    compat.raise_(
  File "/home/airflow/.local/lib/python3.8/site-packages/sqlalchemy/util/compat.py", line 211, in raise_
    raise exception
  File "/home/airflow/.local/lib/python3.8/site-packages/sqlalchemy/pool/base.py", line 686, in __connect
    self.dbapi_connection = connection = pool._invoke_creator(self)
  File "/home/airflow/.local/lib/python3.8/site-packages/sqlalchemy/engine/create.py", line 574, in connect
    return dialect.connect(*cargs, **cparams)
  File "/home/airflow/.local/lib/python3.8/site-packages/sqlalchemy/engine/default.py", line 598, in connect
    return self.dbapi.connect(*cargs, **cparams)
  File "/home/airflow/.local/lib/python3.8/site-packages/psycopg2/__init__.py", line 122, in connect
    conn = _connect(dsn, connection_factory=connection_factory, **kwasync)
psycopg2.OperationalError: could not translate host name "postgres" to address: Temporary failure in name resolution


The above exception was the direct cause of the following exception:

Traceback (most recent call last):
  File "/home/airflow/.local/lib/python3.8/site-packages/airflow/jobs/job.py", line 190, in heartbeat
    session.merge(self)
  File "/home/airflow/.local/lib/python3.8/site-packages/sqlalchemy/orm/session.py", line 3056, in merge
    return self._merge(
  File "/home/airflow/.local/lib/python3.8/site-packages/sqlalchemy/orm/session.py", line 3136, in _merge
    merged = self.get(
  File "/home/airflow/.local/lib/python3.8/site-packages/sqlalchemy/orm/session.py", line 2853, in get
    return self._get_impl(
  File "/home/airflow/.local/lib/python3.8/site-packages/sqlalchemy/orm/session.py", line 2975, in _get_impl
    return db_load_fn(
  File "/home/airflow/.local/lib/python3.8/site-packages/sqlalchemy/orm/loading.py", line 530, in load_on_pk_identity
    session.execute(
  File "/home/airflow/.local/lib/python3.8/site-packages/sqlalchemy/orm/session.py", line 1716, in execute
    conn = self._connection_for_bind(bind)
  File "/home/airflow/.local/lib/python3.8/site-packages/sqlalchemy/orm/session.py", line 1555, in _connection_for_bind
    return self._transaction._connection_for_bind(
  File "/home/airflow/.local/lib/python3.8/site-packages/sqlalchemy/orm/session.py", line 750, in _connection_for_bind
    conn = bind.connect()
  File "/home/airflow/.local/lib/python3.8/site-packages/sqlalchemy/future/engine.py", line 406, in connect
    return super(Engine, self).connect()
  File "/home/airflow/.local/lib/python3.8/site-packages/sqlalchemy/engine/base.py", line 3325, in connect
    return self._connection_cls(self, close_with_result=close_with_result)
  File "/home/airflow/.local/lib/python3.8/site-packages/sqlalchemy/engine/base.py", line 96, in __init__
    else engine.raw_connection()
  File "/home/airflow/.local/lib/python3.8/site-packages/sqlalchemy/engine/base.py", line 3404, in raw_connection
    return self._wrap_pool_connect(self.pool.connect, _connection)
  File "/home/airflow/.local/lib/python3.8/site-packages/sqlalchemy/engine/base.py", line 3374, in _wrap_pool_connect
    Connection._handle_dbapi_exception_noconnection(
  File "/home/airflow/.local/lib/python3.8/site-packages/sqlalchemy/engine/base.py", line 2208, in _handle_dbapi_exception_noconnection
    util.raise_(
  File "/home/airflow/.local/lib/python3.8/site-packages/sqlalchemy/util/compat.py", line 211, in raise_
    raise exception
  File "/home/airflow/.local/lib/python3.8/site-packages/sqlalchemy/engine/base.py", line 3371, in _wrap_pool_connect
    return fn()
  File "/home/airflow/.local/lib/python3.8/site-packages/sqlalchemy/pool/base.py", line 327, in connect
    return _ConnectionFairy._checkout(self)
  File "/home/airflow/.local/lib/python3.8/site-packages/sqlalchemy/pool/base.py", line 894, in _checkout
    fairy = _ConnectionRecord.checkout(pool)
  File "/home/airflow/.local/lib/python3.8/site-packages/sqlalchemy/pool/base.py", line 493, in checkout
    rec = pool._do_get()
  File "/home/airflow/.local/lib/python3.8/site-packages/sqlalchemy/pool/impl.py", line 256, in _do_get
    return self._create_connection()
  File "/home/airflow/.local/lib/python3.8/site-packages/sqlalchemy/pool/base.py", line 273, in _create_connection
    return _ConnectionRecord(self)
  File "/home/airflow/.local/lib/python3.8/site-packages/sqlalchemy/pool/base.py", line 388, in __init__
    self.__connect()
  File "/home/airflow/.local/lib/python3.8/site-packages/sqlalchemy/pool/base.py", line 691, in __connect
    pool.logger.debug("Error on connect(): %s", e)
  File "/home/airflow/.local/lib/python3.8/site-packages/sqlalchemy/util/langhelpers.py", line 70, in __exit__
    compat.raise_(
  File "/home/airflow/.local/lib/python3.8/site-packages/sqlalchemy/util/compat.py", line 211, in raise_
    raise exception
  File "/home/airflow/.local/lib/python3.8/site-packages/sqlalchemy/pool/base.py", line 686, in __connect
    self.dbapi_connection = connection = pool._invoke_creator(self)
  File "/home/airflow/.local/lib/python3.8/site-packages/sqlalchemy/engine/create.py", line 574, in connect
    return dialect.connect(*cargs, **cparams)
  File "/home/airflow/.local/lib/python3.8/site-packages/sqlalchemy/engine/default.py", line 598, in connect
    return self.dbapi.connect(*cargs, **cparams)
  File "/home/airflow/.local/lib/python3.8/site-packages/psycopg2/__init__.py", line 122, in connect
    conn = _connect(dsn, connection_factory=connection_factory, **kwasync)
sqlalchemy.exc.OperationalError: (psycopg2.OperationalError) could not translate host name "postgres" to address: Temporary failure in name resolution

(Background on this error at: https://sqlalche.me/e/14/e3q8)
[2025-03-21T13:40:02.674+0000] {job.py:219} ERROR - Job heartbeat got an exception
Traceback (most recent call last):
  File "/home/airflow/.local/lib/python3.8/site-packages/sqlalchemy/engine/base.py", line 3371, in _wrap_pool_connect
    return fn()
  File "/home/airflow/.local/lib/python3.8/site-packages/sqlalchemy/pool/base.py", line 327, in connect
    return _ConnectionFairy._checkout(self)
  File "/home/airflow/.local/lib/python3.8/site-packages/sqlalchemy/pool/base.py", line 894, in _checkout
    fairy = _ConnectionRecord.checkout(pool)
  File "/home/airflow/.local/lib/python3.8/site-packages/sqlalchemy/pool/base.py", line 493, in checkout
    rec = pool._do_get()
  File "/home/airflow/.local/lib/python3.8/site-packages/sqlalchemy/pool/impl.py", line 256, in _do_get
    return self._create_connection()
  File "/home/airflow/.local/lib/python3.8/site-packages/sqlalchemy/pool/base.py", line 273, in _create_connection
    return _ConnectionRecord(self)
  File "/home/airflow/.local/lib/python3.8/site-packages/sqlalchemy/pool/base.py", line 388, in __init__
    self.__connect()
  File "/home/airflow/.local/lib/python3.8/site-packages/sqlalchemy/pool/base.py", line 691, in __connect
    pool.logger.debug("Error on connect(): %s", e)
  File "/home/airflow/.local/lib/python3.8/site-packages/sqlalchemy/util/langhelpers.py", line 70, in __exit__
    compat.raise_(
  File "/home/airflow/.local/lib/python3.8/site-packages/sqlalchemy/util/compat.py", line 211, in raise_
    raise exception
  File "/home/airflow/.local/lib/python3.8/site-packages/sqlalchemy/pool/base.py", line 686, in __connect
    self.dbapi_connection = connection = pool._invoke_creator(self)
  File "/home/airflow/.local/lib/python3.8/site-packages/sqlalchemy/engine/create.py", line 574, in connect
    return dialect.connect(*cargs, **cparams)
  File "/home/airflow/.local/lib/python3.8/site-packages/sqlalchemy/engine/default.py", line 598, in connect
    return self.dbapi.connect(*cargs, **cparams)
  File "/home/airflow/.local/lib/python3.8/site-packages/psycopg2/__init__.py", line 122, in connect
    conn = _connect(dsn, connection_factory=connection_factory, **kwasync)
psycopg2.OperationalError: could not translate host name "postgres" to address: Temporary failure in name resolution


The above exception was the direct cause of the following exception:

Traceback (most recent call last):
  File "/home/airflow/.local/lib/python3.8/site-packages/airflow/jobs/job.py", line 190, in heartbeat
    session.merge(self)
  File "/home/airflow/.local/lib/python3.8/site-packages/sqlalchemy/orm/session.py", line 3056, in merge
    return self._merge(
  File "/home/airflow/.local/lib/python3.8/site-packages/sqlalchemy/orm/session.py", line 3136, in _merge
    merged = self.get(
  File "/home/airflow/.local/lib/python3.8/site-packages/sqlalchemy/orm/session.py", line 2853, in get
    return self._get_impl(
  File "/home/airflow/.local/lib/python3.8/site-packages/sqlalchemy/orm/session.py", line 2975, in _get_impl
    return db_load_fn(
  File "/home/airflow/.local/lib/python3.8/site-packages/sqlalchemy/orm/loading.py", line 530, in load_on_pk_identity
    session.execute(
  File "/home/airflow/.local/lib/python3.8/site-packages/sqlalchemy/orm/session.py", line 1716, in execute
    conn = self._connection_for_bind(bind)
  File "/home/airflow/.local/lib/python3.8/site-packages/sqlalchemy/orm/session.py", line 1555, in _connection_for_bind
    return self._transaction._connection_for_bind(
  File "/home/airflow/.local/lib/python3.8/site-packages/sqlalchemy/orm/session.py", line 750, in _connection_for_bind
    conn = bind.connect()
  File "/home/airflow/.local/lib/python3.8/site-packages/sqlalchemy/future/engine.py", line 406, in connect
    return super(Engine, self).connect()
  File "/home/airflow/.local/lib/python3.8/site-packages/sqlalchemy/engine/base.py", line 3325, in connect
    return self._connection_cls(self, close_with_result=close_with_result)
  File "/home/airflow/.local/lib/python3.8/site-packages/sqlalchemy/engine/base.py", line 96, in __init__
    else engine.raw_connection()
  File "/home/airflow/.local/lib/python3.8/site-packages/sqlalchemy/engine/base.py", line 3404, in raw_connection
    return self._wrap_pool_connect(self.pool.connect, _connection)
  File "/home/airflow/.local/lib/python3.8/site-packages/sqlalchemy/engine/base.py", line 3374, in _wrap_pool_connect
    Connection._handle_dbapi_exception_noconnection(
  File "/home/airflow/.local/lib/python3.8/site-packages/sqlalchemy/engine/base.py", line 2208, in _handle_dbapi_exception_noconnection
    util.raise_(
  File "/home/airflow/.local/lib/python3.8/site-packages/sqlalchemy/util/compat.py", line 211, in raise_
    raise exception
  File "/home/airflow/.local/lib/python3.8/site-packages/sqlalchemy/engine/base.py", line 3371, in _wrap_pool_connect
    return fn()
  File "/home/airflow/.local/lib/python3.8/site-packages/sqlalchemy/pool/base.py", line 327, in connect
    return _ConnectionFairy._checkout(self)
  File "/home/airflow/.local/lib/python3.8/site-packages/sqlalchemy/pool/base.py", line 894, in _checkout
    fairy = _ConnectionRecord.checkout(pool)
  File "/home/airflow/.local/lib/python3.8/site-packages/sqlalchemy/pool/base.py", line 493, in checkout
    rec = pool._do_get()
  File "/home/airflow/.local/lib/python3.8/site-packages/sqlalchemy/pool/impl.py", line 256, in _do_get
    return self._create_connection()
  File "/home/airflow/.local/lib/python3.8/site-packages/sqlalchemy/pool/base.py", line 273, in _create_connection
    return _ConnectionRecord(self)
  File "/home/airflow/.local/lib/python3.8/site-packages/sqlalchemy/pool/base.py", line 388, in __init__
    self.__connect()
  File "/home/airflow/.local/lib/python3.8/site-packages/sqlalchemy/pool/base.py", line 691, in __connect
    pool.logger.debug("Error on connect(): %s", e)
  File "/home/airflow/.local/lib/python3.8/site-packages/sqlalchemy/util/langhelpers.py", line 70, in __exit__
    compat.raise_(
  File "/home/airflow/.local/lib/python3.8/site-packages/sqlalchemy/util/compat.py", line 211, in raise_
    raise exception
  File "/home/airflow/.local/lib/python3.8/site-packages/sqlalchemy/pool/base.py", line 686, in __connect
    self.dbapi_connection = connection = pool._invoke_creator(self)
  File "/home/airflow/.local/lib/python3.8/site-packages/sqlalchemy/engine/create.py", line 574, in connect
    return dialect.connect(*cargs, **cparams)
  File "/home/airflow/.local/lib/python3.8/site-packages/sqlalchemy/engine/default.py", line 598, in connect
    return self.dbapi.connect(*cargs, **cparams)
  File "/home/airflow/.local/lib/python3.8/site-packages/psycopg2/__init__.py", line 122, in connect
    conn = _connect(dsn, connection_factory=connection_factory, **kwasync)
sqlalchemy.exc.OperationalError: (psycopg2.OperationalError) could not translate host name "postgres" to address: Temporary failure in name resolution

(Background on this error at: https://sqlalche.me/e/14/e3q8)
[2025-03-21T13:40:48.577+0000] {subprocess.py:93} INFO - 25/03/21 13:40:12 INFO AsyncEventQueue: Process of event SparkListenerExecutorMetricsUpdate(driver,WrappedArray(),Map((-1,-1) -> org.apache.spark.executor.ExecutorMetrics@1a1cb288)) by listener AppStatusListener took 9.920748476s.
[2025-03-21T13:40:48.579+0000] {subprocess.py:93} INFO - 25/03/21 13:40:29 INFO AsyncEventQueue: Process of event SparkListenerExecutorMetricsUpdate(driver,WrappedArray(),Map((-1,-1) -> org.apache.spark.executor.ExecutorMetrics@2fecad7c)) by listener AppStatusListener took 5.092360826s.
[2025-03-21T13:40:48.579+0000] {subprocess.py:93} INFO - 25/03/21 13:40:36 INFO AsyncEventQueue: Process of event SparkListenerExecutorMetricsUpdate(driver,WrappedArray(),Map((-1,-1) -> org.apache.spark.executor.ExecutorMetrics@21e23bc8)) by listener AppStatusListener took 4.987336771s.
[2025-03-21T13:40:48.580+0000] {subprocess.py:93} INFO - 25/03/21 13:40:48 INFO AsyncEventQueue: Process of event SparkListenerExecutorMetricsUpdate(driver,WrappedArray(),Map((-1,-1) -> org.apache.spark.executor.ExecutorMetrics@ab0d8b5)) by listener AppStatusListener took 6.159302173s.
[2025-03-21T13:40:48.580+0000] {subprocess.py:93} INFO - 25/03/21 13:40:49 INFO AsyncEventQueue: Process of event SparkListenerExecutorMetricsUpdate(0,WrappedArray((0,0,0,Vector())),Map((0,0) -> org.apache.spark.executor.ExecutorMetrics@9949e1d)) by listener AppStatusListener took 1.115342218s.
[2025-03-21T13:41:00.626+0000] {subprocess.py:93} INFO - 25/03/21 13:41:00 INFO TaskSetManager: Finished task 0.0 in stage 0.0 (TID 0) in 126194 ms on 172.18.0.2 (executor 0) (1/1)
[2025-03-21T13:41:00.633+0000] {subprocess.py:93} INFO - 25/03/21 13:41:00 INFO TaskSchedulerImpl: Removed TaskSet 0.0, whose tasks have all completed, from pool
[2025-03-21T13:41:00.665+0000] {subprocess.py:93} INFO - 25/03/21 13:41:00 INFO DAGScheduler: ResultStage 0 (parquet at NativeMethodAccessorImpl.java:0) finished in 268.647 s
[2025-03-21T13:41:00.719+0000] {subprocess.py:93} INFO - 25/03/21 13:41:00 INFO DAGScheduler: Job 0 is finished. Cancelling potential speculative or zombie tasks for this job
[2025-03-21T13:41:00.722+0000] {subprocess.py:93} INFO - 25/03/21 13:41:00 INFO TaskSchedulerImpl: Killing all running tasks in stage 0: Stage finished
[2025-03-21T13:41:00.739+0000] {subprocess.py:93} INFO - 25/03/21 13:41:00 INFO DAGScheduler: Job 0 finished: parquet at NativeMethodAccessorImpl.java:0, took 284.016715 s
[2025-03-21T13:41:08.533+0000] {subprocess.py:93} INFO - 25/03/21 13:41:08 INFO BlockManagerInfo: Removed broadcast_0_piece0 on e3006a54eed1:37389 in memory (size: 37.2 KiB, free: 366.3 MiB)
[2025-03-21T13:41:08.713+0000] {subprocess.py:93} INFO - 25/03/21 13:41:08 INFO BlockManagerInfo: Removed broadcast_0_piece0 on 172.18.0.2:41143 in memory (size: 37.2 KiB, free: 366.3 MiB)
[2025-03-21T13:41:18.289+0000] {subprocess.py:93} INFO - 25/03/21 13:41:18 INFO FileSourceStrategy: Pushed Filters: IsNotNull(amount),GreaterThan(amount,1000.0)
[2025-03-21T13:41:18.379+0000] {subprocess.py:93} INFO - 25/03/21 13:41:18 INFO FileSourceStrategy: Post-Scan Filters: isnotnull(amount#2),(amount#2 > 1000.0)
[2025-03-21T13:41:24.302+0000] {subprocess.py:93} INFO - 25/03/21 13:41:24 INFO ParquetUtils: Using default output committer for Parquet: org.apache.parquet.hadoop.ParquetOutputCommitter
[2025-03-21T13:41:24.891+0000] {subprocess.py:93} INFO - 25/03/21 13:41:24 INFO FileOutputCommitter: File Output Committer Algorithm version is 1
[2025-03-21T13:41:24.894+0000] {subprocess.py:93} INFO - 25/03/21 13:41:24 INFO FileOutputCommitter: FileOutputCommitter skip cleanup _temporary folders under output directory:false, ignore cleanup failures: false
[2025-03-21T13:41:24.992+0000] {subprocess.py:93} INFO - 25/03/21 13:41:24 INFO SQLHadoopMapReduceCommitProtocol: Using user defined output committer class org.apache.parquet.hadoop.ParquetOutputCommitter
[2025-03-21T13:41:24.994+0000] {subprocess.py:93} INFO - 25/03/21 13:41:24 INFO FileOutputCommitter: File Output Committer Algorithm version is 1
[2025-03-21T13:41:25.077+0000] {subprocess.py:93} INFO - 25/03/21 13:41:25 INFO FileOutputCommitter: FileOutputCommitter skip cleanup _temporary folders under output directory:false, ignore cleanup failures: false
[2025-03-21T13:41:25.095+0000] {subprocess.py:93} INFO - 25/03/21 13:41:25 INFO SQLHadoopMapReduceCommitProtocol: Using output committer class org.apache.parquet.hadoop.ParquetOutputCommitter
[2025-03-21T13:41:37.082+0000] {subprocess.py:93} INFO - 25/03/21 13:41:37 INFO CodeGenerator: Code generated in 6783.382195 ms
[2025-03-21T13:41:37.394+0000] {subprocess.py:93} INFO - 25/03/21 13:41:37 INFO MemoryStore: Block broadcast_1 stored as values in memory (estimated size 357.5 KiB, free 366.0 MiB)
[2025-03-21T13:41:37.878+0000] {subprocess.py:93} INFO - 25/03/21 13:41:37 INFO MemoryStore: Block broadcast_1_piece0 stored as bytes in memory (estimated size 35.2 KiB, free 365.9 MiB)
[2025-03-21T13:41:37.879+0000] {subprocess.py:93} INFO - 25/03/21 13:41:37 INFO BlockManagerInfo: Added broadcast_1_piece0 in memory on e3006a54eed1:37389 (size: 35.2 KiB, free: 366.3 MiB)
[2025-03-21T13:41:37.881+0000] {subprocess.py:93} INFO - 25/03/21 13:41:37 INFO SparkContext: Created broadcast 1 from parquet at NativeMethodAccessorImpl.java:0
[2025-03-21T13:41:38.486+0000] {subprocess.py:93} INFO - 25/03/21 13:41:38 INFO FileSourceScanExec: Planning scan with bin packing, max size: 4194304 bytes, open cost is considered as scanning 4194304 bytes.
[2025-03-21T13:41:41.378+0000] {subprocess.py:93} INFO - 25/03/21 13:41:41 INFO SparkContext: Starting job: parquet at NativeMethodAccessorImpl.java:0
[2025-03-21T13:41:41.380+0000] {subprocess.py:93} INFO - 25/03/21 13:41:41 INFO DAGScheduler: Got job 1 (parquet at NativeMethodAccessorImpl.java:0) with 1 output partitions
[2025-03-21T13:41:41.380+0000] {subprocess.py:93} INFO - 25/03/21 13:41:41 INFO DAGScheduler: Final stage: ResultStage 1 (parquet at NativeMethodAccessorImpl.java:0)
[2025-03-21T13:41:41.382+0000] {subprocess.py:93} INFO - 25/03/21 13:41:41 INFO DAGScheduler: Parents of final stage: List()
[2025-03-21T13:41:41.383+0000] {subprocess.py:93} INFO - 25/03/21 13:41:41 INFO DAGScheduler: Missing parents: List()
[2025-03-21T13:41:41.391+0000] {subprocess.py:93} INFO - 25/03/21 13:41:41 INFO DAGScheduler: Submitting ResultStage 1 (MapPartitionsRDD[5] at parquet at NativeMethodAccessorImpl.java:0), which has no missing parents
[2025-03-21T13:41:43.192+0000] {subprocess.py:93} INFO - 25/03/21 13:41:43 INFO MemoryStore: Block broadcast_2 stored as values in memory (estimated size 219.2 KiB, free 365.7 MiB)
[2025-03-21T13:41:43.196+0000] {subprocess.py:93} INFO - 25/03/21 13:41:43 INFO MemoryStore: Block broadcast_2_piece0 stored as bytes in memory (estimated size 77.4 KiB, free 365.6 MiB)
[2025-03-21T13:41:43.206+0000] {subprocess.py:93} INFO - 25/03/21 13:41:43 INFO BlockManagerInfo: Added broadcast_2_piece0 in memory on e3006a54eed1:37389 (size: 77.4 KiB, free: 366.2 MiB)
[2025-03-21T13:41:43.208+0000] {subprocess.py:93} INFO - 25/03/21 13:41:43 INFO SparkContext: Created broadcast 2 from broadcast at DAGScheduler.scala:1580
[2025-03-21T13:41:43.288+0000] {subprocess.py:93} INFO - 25/03/21 13:41:43 INFO DAGScheduler: Submitting 1 missing tasks from ResultStage 1 (MapPartitionsRDD[5] at parquet at NativeMethodAccessorImpl.java:0) (first 15 tasks are for partitions Vector(0))
[2025-03-21T13:41:43.291+0000] {subprocess.py:93} INFO - 25/03/21 13:41:43 INFO TaskSchedulerImpl: Adding task set 1.0 with 1 tasks resource profile 0
[2025-03-21T13:41:43.697+0000] {subprocess.py:93} INFO - 25/03/21 13:41:43 INFO TaskSetManager: Starting task 0.0 in stage 1.0 (TID 1) (172.18.0.2, executor 0, partition 0, ANY, 8299 bytes)
[2025-03-21T13:41:44.587+0000] {subprocess.py:93} INFO - 25/03/21 13:41:44 INFO BlockManagerInfo: Added broadcast_2_piece0 in memory on 172.18.0.2:41143 (size: 77.4 KiB, free: 366.2 MiB)
[2025-03-21T13:41:57.567+0000] {subprocess.py:93} INFO - 25/03/21 13:41:57 INFO BlockManagerInfo: Added broadcast_1_piece0 in memory on 172.18.0.2:41143 (size: 35.2 KiB, free: 366.2 MiB)
[2025-03-21T13:42:01.441+0000] {subprocess.py:93} INFO - 25/03/21 13:42:01 INFO TaskSetManager: Finished task 0.0 in stage 1.0 (TID 1) in 17881 ms on 172.18.0.2 (executor 0) (1/1)
[2025-03-21T13:42:01.445+0000] {subprocess.py:93} INFO - 25/03/21 13:42:01 INFO TaskSchedulerImpl: Removed TaskSet 1.0, whose tasks have all completed, from pool
[2025-03-21T13:42:01.448+0000] {subprocess.py:93} INFO - 25/03/21 13:42:01 INFO DAGScheduler: ResultStage 1 (parquet at NativeMethodAccessorImpl.java:0) finished in 19.935 s
[2025-03-21T13:42:01.449+0000] {subprocess.py:93} INFO - 25/03/21 13:42:01 INFO DAGScheduler: Job 1 is finished. Cancelling potential speculative or zombie tasks for this job
[2025-03-21T13:42:01.450+0000] {subprocess.py:93} INFO - 25/03/21 13:42:01 INFO TaskSchedulerImpl: Killing all running tasks in stage 1: Stage finished
[2025-03-21T13:42:01.451+0000] {subprocess.py:93} INFO - 25/03/21 13:42:01 INFO DAGScheduler: Job 1 finished: parquet at NativeMethodAccessorImpl.java:0, took 21.411138 s
[2025-03-21T13:42:01.458+0000] {subprocess.py:93} INFO - 25/03/21 13:42:01 INFO FileFormatWriter: Start to commit write Job 2978278a-dff9-4260-bc02-e48cd5d543c3.
[2025-03-21T13:42:02.801+0000] {subprocess.py:93} INFO - 25/03/21 13:42:02 INFO FileFormatWriter: Write Job 2978278a-dff9-4260-bc02-e48cd5d543c3 committed. Elapsed time: 1321 ms.
[2025-03-21T13:42:02.838+0000] {subprocess.py:93} INFO - 25/03/21 13:42:02 INFO FileFormatWriter: Finished processing stats for write job 2978278a-dff9-4260-bc02-e48cd5d543c3.
[2025-03-21T13:42:02.933+0000] {subprocess.py:93} INFO - 25/03/21 13:42:02 INFO SparkContext: SparkContext is stopping with exitCode 0.
[2025-03-21T13:42:03.054+0000] {subprocess.py:93} INFO - 25/03/21 13:42:03 INFO SparkUI: Stopped Spark web UI at http://e3006a54eed1:4042
[2025-03-21T13:42:03.078+0000] {subprocess.py:93} INFO - 25/03/21 13:42:03 INFO StandaloneSchedulerBackend: Shutting down all executors
[2025-03-21T13:42:03.079+0000] {subprocess.py:93} INFO - 25/03/21 13:42:03 INFO StandaloneSchedulerBackend$StandaloneDriverEndpoint: Asking each executor to shut down
[2025-03-21T13:42:03.376+0000] {subprocess.py:93} INFO - 25/03/21 13:42:03 INFO MapOutputTrackerMasterEndpoint: MapOutputTrackerMasterEndpoint stopped!
[2025-03-21T13:42:03.879+0000] {subprocess.py:93} INFO - 25/03/21 13:42:03 INFO MemoryStore: MemoryStore cleared
[2025-03-21T13:42:03.907+0000] {subprocess.py:93} INFO - 25/03/21 13:42:03 INFO BlockManager: BlockManager stopped
[2025-03-21T13:42:04.076+0000] {subprocess.py:93} INFO - 25/03/21 13:42:04 INFO BlockManagerMaster: BlockManagerMaster stopped
[2025-03-21T13:42:04.189+0000] {subprocess.py:93} INFO - 25/03/21 13:42:04 INFO OutputCommitCoordinator$OutputCommitCoordinatorEndpoint: OutputCommitCoordinator stopped!
[2025-03-21T13:42:04.295+0000] {subprocess.py:93} INFO - 25/03/21 13:42:04 INFO SparkContext: Successfully stopped SparkContext
[2025-03-21T13:42:07.694+0000] {subprocess.py:93} INFO - 25/03/21 13:42:07 INFO ShutdownHookManager: Shutdown hook called
[2025-03-21T13:42:07.697+0000] {subprocess.py:93} INFO - 25/03/21 13:42:07 INFO ShutdownHookManager: Deleting directory /tmp/spark-5be49de8-22a4-406a-8e52-7ff9fc288d47
[2025-03-21T13:42:07.709+0000] {subprocess.py:93} INFO - 25/03/21 13:42:07 INFO ShutdownHookManager: Deleting directory /tmp/spark-ee9cc7a2-4681-4420-a72b-b16d8ae7f230
[2025-03-21T13:42:07.716+0000] {subprocess.py:93} INFO - 25/03/21 13:42:07 INFO ShutdownHookManager: Deleting directory /tmp/spark-ee9cc7a2-4681-4420-a72b-b16d8ae7f230/pyspark-f74066b5-2605-482a-ad30-b29d247df2f5
[2025-03-21T13:42:07.952+0000] {subprocess.py:97} INFO - Command exited with return code 0
[2025-03-21T13:42:08.576+0000] {taskinstance.py:1398} INFO - Marking task as SUCCESS. dag_id=transactions_pipeline, task_id=detect_fraud_batch_20250321_131507, execution_date=20250321T133153, start_date=20250321T133431, end_date=20250321T134208
[2025-03-21T13:42:08.772+0000] {local_task_job_runner.py:228} INFO - Task exited with return code 0
[2025-03-21T13:42:09.031+0000] {taskinstance.py:2776} INFO - 1 downstream tasks scheduled from follow-on schedule check
