[2025-03-21T20:19:07.511+0000] {taskinstance.py:1157} INFO - Dependencies all met for dep_context=non-requeueable deps ti=<TaskInstance: external_customer_pipeline.fetch_external_data manual__2025-03-21T20:18:48.240575+00:00 [queued]>
[2025-03-21T20:19:07.525+0000] {taskinstance.py:1157} INFO - Dependencies all met for dep_context=requeueable deps ti=<TaskInstance: external_customer_pipeline.fetch_external_data manual__2025-03-21T20:18:48.240575+00:00 [queued]>
[2025-03-21T20:19:07.526+0000] {taskinstance.py:1359} INFO - Starting attempt 1 of 3
[2025-03-21T20:19:07.570+0000] {taskinstance.py:1380} INFO - Executing <Task(PythonOperator): fetch_external_data> on 2025-03-21 20:18:48.240575+00:00
[2025-03-21T20:19:07.580+0000] {standard_task_runner.py:57} INFO - Started process 1500 to run task
[2025-03-21T20:19:07.586+0000] {standard_task_runner.py:84} INFO - Running: ['***', 'tasks', 'run', 'external_customer_pipeline', 'fetch_external_data', 'manual__2025-03-21T20:18:48.240575+00:00', '--job-id', '888', '--raw', '--subdir', 'DAGS_FOLDER/pipeline_batch.py', '--cfg-path', '/tmp/tmpiozfjo4i']
[2025-03-21T20:19:07.590+0000] {standard_task_runner.py:85} INFO - Job 888: Subtask fetch_external_data
[2025-03-21T20:19:07.676+0000] {task_command.py:415} INFO - Running <TaskInstance: external_customer_pipeline.fetch_external_data manual__2025-03-21T20:18:48.240575+00:00 [running]> on host 4f421949e8a6
[2025-03-21T20:19:07.799+0000] {taskinstance.py:1660} INFO - Exporting env vars: AIRFLOW_CTX_DAG_OWNER='***' AIRFLOW_CTX_DAG_ID='external_customer_pipeline' AIRFLOW_CTX_TASK_ID='fetch_external_data' AIRFLOW_CTX_EXECUTION_DATE='2025-03-21T20:18:48.240575+00:00' AIRFLOW_CTX_TRY_NUMBER='1' AIRFLOW_CTX_DAG_RUN_ID='manual__2025-03-21T20:18:48.240575+00:00'
[2025-03-21T20:19:07.811+0000] {logging_mixin.py:151} WARNING - /home/***/.local/lib/python3.8/site-packages/***/utils/context.py:314 AirflowContextDeprecationWarning: Accessing 'execution_date' from the template is deprecated and will be removed in a future version. Please use 'data_interval_start' or 'logical_date' instead.
[2025-03-21T20:19:08.232+0000] {pipeline_batch.py:47} INFO - Discord message sent successfully
[2025-03-21T20:19:08.235+0000] {taskinstance.py:1935} ERROR - Task failed with exception
Traceback (most recent call last):
  File "/home/airflow/.local/lib/python3.8/site-packages/urllib3/connection.py", line 174, in _new_conn
    conn = connection.create_connection(
  File "/home/airflow/.local/lib/python3.8/site-packages/urllib3/util/connection.py", line 72, in create_connection
    for res in socket.getaddrinfo(host, port, family, socket.SOCK_STREAM):
  File "/usr/local/lib/python3.8/socket.py", line 918, in getaddrinfo
    for res in _socket.getaddrinfo(host, port, family, type, proto, flags):
socket.gaierror: [Errno -2] Name or service not known

During handling of the above exception, another exception occurred:

Traceback (most recent call last):
  File "/home/airflow/.local/lib/python3.8/site-packages/urllib3/connectionpool.py", line 714, in urlopen
    httplib_response = self._make_request(
  File "/home/airflow/.local/lib/python3.8/site-packages/urllib3/connectionpool.py", line 415, in _make_request
    conn.request(method, url, **httplib_request_kw)
  File "/home/airflow/.local/lib/python3.8/site-packages/urllib3/connection.py", line 244, in request
    super(HTTPConnection, self).request(method, url, body=body, headers=headers)
  File "/usr/local/lib/python3.8/http/client.py", line 1256, in request
    self._send_request(method, url, body, headers, encode_chunked)
  File "/usr/local/lib/python3.8/http/client.py", line 1302, in _send_request
    self.endheaders(body, encode_chunked=encode_chunked)
  File "/usr/local/lib/python3.8/http/client.py", line 1251, in endheaders
    self._send_output(message_body, encode_chunked=encode_chunked)
  File "/usr/local/lib/python3.8/http/client.py", line 1011, in _send_output
    self.send(msg)
  File "/usr/local/lib/python3.8/http/client.py", line 951, in send
    self.connect()
  File "/home/airflow/.local/lib/python3.8/site-packages/urllib3/connection.py", line 205, in connect
    conn = self._new_conn()
  File "/home/airflow/.local/lib/python3.8/site-packages/urllib3/connection.py", line 186, in _new_conn
    raise NewConnectionError(
urllib3.exceptions.NewConnectionError: <urllib3.connection.HTTPConnection object at 0x7f4610185b50>: Failed to establish a new connection: [Errno -2] Name or service not known

During handling of the above exception, another exception occurred:

Traceback (most recent call last):
  File "/home/airflow/.local/lib/python3.8/site-packages/requests/adapters.py", line 486, in send
    resp = conn.urlopen(
  File "/home/airflow/.local/lib/python3.8/site-packages/urllib3/connectionpool.py", line 798, in urlopen
    retries = retries.increment(
  File "/home/airflow/.local/lib/python3.8/site-packages/urllib3/util/retry.py", line 592, in increment
    raise MaxRetryError(_pool, url, error or ResponseError(cause))
urllib3.exceptions.MaxRetryError: HTTPConnectionPool(host='%20api-externaldata', port=5002): Max retries exceeded with url: /generate/externaldata (Caused by NewConnectionError('<urllib3.connection.HTTPConnection object at 0x7f4610185b50>: Failed to establish a new connection: [Errno -2] Name or service not known'))

During handling of the above exception, another exception occurred:

Traceback (most recent call last):
  File "/home/airflow/.local/lib/python3.8/site-packages/airflow/operators/python.py", line 192, in execute
    return_value = self.execute_callable()
  File "/home/airflow/.local/lib/python3.8/site-packages/airflow/operators/python.py", line 209, in execute_callable
    return self.python_callable(*self.op_args, **self.op_kwargs)
  File "/opt/airflow/dags/pipeline_batch.py", line 114, in fetch_external_data
    response = requests.get(EXTERNAL_DATA_API_URL, timeout=15)
  File "/home/airflow/.local/lib/python3.8/site-packages/requests/api.py", line 73, in get
    return request("get", url, params=params, **kwargs)
  File "/home/airflow/.local/lib/python3.8/site-packages/requests/api.py", line 59, in request
    return session.request(method=method, url=url, **kwargs)
  File "/home/airflow/.local/lib/python3.8/site-packages/requests/sessions.py", line 589, in request
    resp = self.send(prep, **send_kwargs)
  File "/home/airflow/.local/lib/python3.8/site-packages/requests/sessions.py", line 703, in send
    r = adapter.send(request, **kwargs)
  File "/home/airflow/.local/lib/python3.8/site-packages/requests/adapters.py", line 519, in send
    raise ConnectionError(e, request=request)
requests.exceptions.ConnectionError: HTTPConnectionPool(host='%20api-externaldata', port=5002): Max retries exceeded with url: /generate/externaldata (Caused by NewConnectionError('<urllib3.connection.HTTPConnection object at 0x7f4610185b50>: Failed to establish a new connection: [Errno -2] Name or service not known'))
[2025-03-21T20:19:08.261+0000] {taskinstance.py:1398} INFO - Marking task as UP_FOR_RETRY. dag_id=external_customer_pipeline, task_id=fetch_external_data, execution_date=20250321T201848, start_date=20250321T201907, end_date=20250321T201908
[2025-03-21T20:19:08.289+0000] {standard_task_runner.py:104} ERROR - Failed to execute job 888 for task fetch_external_data (HTTPConnectionPool(host='%20api-externaldata', port=5002): Max retries exceeded with url: /generate/externaldata (Caused by NewConnectionError('<urllib3.connection.HTTPConnection object at 0x7f4610185b50>: Failed to establish a new connection: [Errno -2] Name or service not known')); 1500)
[2025-03-21T20:19:08.332+0000] {local_task_job_runner.py:228} INFO - Task exited with return code 1
[2025-03-21T20:19:08.414+0000] {taskinstance.py:2776} INFO - 0 downstream tasks scheduled from follow-on schedule check
